[2026-03-04 09:55:34] 📝 CREATE: apiClient.ts - Cliente HTTP para daemon API
├─ Eliminado mock data, conectado a API real
└─ 073271e

[2026-03-04 09:55:48] 📝 CREATE: toolService.ts - Servicio de gestión de herramientas
├─ Conexión real con API del daemon
└─ 073271e

[2026-03-04 09:55:48] 🔧 MODIFY: App.tsx - Eliminado mock data, conectado a API real
├─ Añadidos estados loading/error, componentes LoadingState/ErrorState
└─ 073271e

[2026-03-04 09:55:48] 📝 CREATE: project/logs/ - Estructura de logs
├─ Sistema de logging siguiendo ELITE_SCRUM_TEMPLATE
└─ 073271e

[2026-03-04 09:55:49] 📝 CREATE: scripts/log-entry.sh - Script de logging
├─ Automatización de entradas de log con formato estándar
└─ 073271e

[2026-03-04 09:59:16] 🔧 MODIFY: daemon/main.rs - Migrado a tracing
├─ Eliminado println!, añadido logging estructurado
└─ 073271e

[2026-03-04 09:59:16] 🔧 MODIFY: tui/mod.rs - Migrado a tracing
├─ Eliminado eprintln!, añadido logging estructurado
└─ 073271e

[2026-03-04 09:59:16] 📝 CREATE: project/tracking/ROADMAP.md
├─ Roadmap del proyecto con épicas y timeline
└─ 073271e

[2026-03-04 09:59:16] 📝 CREATE: project/tracking/CONTEXT_HANDOFF.md
├─ Documento de handoff para continuidad
└─ 073271e

[2026-03-04 10:00:21] ✅ DONE: Sesión completada - Fixes críticos aplicados
├─ Mock data eliminado, tracing implementado, estructura proyecto creada
└─ 073271e

[2026-03-04 10:06:23] ✅ DONE: Commits orgánicos completados
├─ 7 commits siguiendo Conventional Commits, roadmap cristalino basado en OpenAPI
└─ 659b407

[2026-03-04 10:17:11] 🚀 DEPLOY: Push a origin/main completado
├─ 8 commits enviados a GitHub
└─ e0e0c0e

[2026-03-04 10:20:07] 🚧 WIP: FASE 1: Iniciando TDD para Auth
├─ 🔴 RED: Escribir tests para /auth/login
└─ e02e352

[2026-03-04 12:24:55] 🔴 RED: Tests escritos para /auth/login - TDD RED phase
├─ 4 tests: 2 failing, 2 passing
└─ e02e352

